<?xml version="1.0" encoding="UTF-8"?>
<testng-results ignored="0" total="1" passed="1" failed="0" skipped="0">
  <reporter-output>
  </reporter-output>
  <suite started-at="2024-08-30T13:25:09 IST" name="Default suite" finished-at="2024-08-30T13:25:56 IST" duration-ms="46523">
    <groups>
    </groups>
    <test started-at="2024-08-30T13:25:09 IST" name="Default test" finished-at="2024-08-30T13:25:56 IST" duration-ms="46523">
      <class name="Interactions.Draggable">
        <test-method is-config="true" signature="setup()[pri:0, instance:Interactions.Draggable@6be968ce]" started-at="2024-08-30T13:25:09 IST" name="setup" finished-at="2024-08-30T13:25:24 IST" duration-ms="14731" status="PASS">
          <reporter-output>
          </reporter-output>
        </test-method> <!-- setup -->
        <test-method signature="testDragElement()[pri:0, instance:Interactions.Draggable@6be968ce]" started-at="2024-08-30T13:25:24 IST" name="testDragElement" finished-at="2024-08-30T13:25:55 IST" duration-ms="31191" status="PASS">
          <reporter-output>
          </reporter-output>
        </test-method> <!-- testDragElement -->
        <test-method is-config="true" signature="tearDown()[pri:0, instance:Interactions.Draggable@6be968ce]" started-at="2024-08-30T13:25:55 IST" name="tearDown" finished-at="2024-08-30T13:25:56 IST" duration-ms="526" status="PASS">
          <reporter-output>
          </reporter-output>
        </test-method> <!-- tearDown -->
      </class> <!-- Interactions.Draggable -->
    </test> <!-- Default test -->
  </suite> <!-- Default suite -->
</testng-results>
